<story>
	<description>用例故事描述</description>
	<templates>
		<template type="given" name="do template method">
			模板内容
		</template>
		<template type="then" name="do template method2">
			模板内容
		</template>
	</templates>
	<scenarios>
		<scenario name="用例场景一">
			<description>场景详细描述</description>
			<method type="given" name="do init method1">
				准备数据步骤一
				<para name="参数一">abc</para>
				,
				<para name="参数二">123</para>
				.
			</method>
			<method type="given" name="do init method2" skip="true">
				准备数据步骤二
				<para name="参数一">abc</para>
				<para name="参数二">123</para>
			</method>
			<method type="when" name="do something">
				具体干些什么吧？
			</method>
			<method type="then" name="check result">
				验证数据结果
			</method>
		</scenario>
		<scenario name="用例场景二" skip="true">
			<description>场景详细描述</description>
			<method type="given" name="do template method">method text</method>
		</scenario>
	</scenarios>
</story>